prim_cell num_orb = 11908
prim_cell num_hop = 276988
sample num_orb = 107172
sample num_hop = 2492892

Parallelization details:
  MPI processes    : 16    
  OMP_NUM_THREADS  : 2     
  MKL_NUM_THREADS  : 2     

prim_cell num_orb = 11908
prim_cell num_hop = 276988
sample num_orb = 107172
sample num_hop = 2492892
prim_cell num_orb = 11908
prim_cell num_hop = 276988
sample num_orb = 107172
sample num_hop = 2492892
prim_cell num_orb = 11908
prim_cell num_hop = 276988
sample num_orb = 107172
sample num_hop = 2492892
prim_cell num_orb = 11908
prim_cell num_hop = 276988
sample num_orb = 107172
sample num_hop = 2492892
prim_cell num_orb = 11908
prim_cell num_hop = 276988
sample num_orb = 107172
sample num_hop = 2492892
prim_cell num_orb = 11908
prim_cell num_hop = 276988
sample num_orb = 107172
sample num_hop = 2492892
prim_cell num_orb = 11908
prim_cell num_hop = 276988
sample num_orb = 107172
sample num_hop = 2492892
prim_cell num_orb = 11908
prim_cell num_hop = 276988
sample num_orb = 107172
sample num_hop = 2492892
prim_cell num_orb = 11908
prim_cell num_hop = 276988
sample num_orb = 107172
sample num_hop = 2492892
prim_cell num_orb = 11908
prim_cell num_hop = 276988
sample num_orb = 107172
sample num_hop = 2492892
prim_cell num_orb = 11908
prim_cell num_hop = 276988
sample num_orb = 107172
sample num_hop = 2492892
prim_cell num_orb = 11908
prim_cell num_hop = 276988
sample num_orb = 107172
sample num_hop = 2492892
prim_cell num_orb = 11908
prim_cell num_hop = 276988
sample num_orb = 107172
sample num_hop = 2492892
prim_cell num_orb = 11908
prim_cell num_hop = 276988
sample num_orb = 107172
sample num_hop = 2492892
prim_cell num_orb = 11908
prim_cell num_hop = 276988
sample num_orb = 107172
sample num_hop = 2492892
	 diag : 17248.15562
