prim_cell num_orb = 11908
prim_cell num_hop = 276988
sample num_orb = 11908
sample num_hop = 276988

Parallelization details:
  MPI processes    : 32    
  OMP_NUM_THREADS  : 1     
  MKL_NUM_THREADS  : 1     

prim_cell num_orb = 11908
prim_cell num_hop = 276988
sample num_orb = 11908
sample num_hop = 276988
prim_cell num_orb = 11908
prim_cell num_hop = 276988
sample num_orb = 11908
sample num_hop = 276988
prim_cell num_orb = 11908
prim_cell num_hop = 276988
sample num_orb = 11908
sample num_hop = 276988
prim_cell num_orb = 11908
prim_cell num_hop = 276988
sample num_orb = 11908
sample num_hop = 276988
prim_cell num_orb = 11908
prim_cell num_hop = 276988
sample num_orb = 11908
sample num_hop = 276988
prim_cell num_orb = 11908
prim_cell num_hop = 276988
sample num_orb = 11908
sample num_hop = 276988
prim_cell num_orb = 11908
prim_cell num_hop = 276988
sample num_orb = 11908
sample num_hop = 276988
prim_cell num_orb = 11908
prim_cell num_hop = 276988
sample num_orb = 11908
sample num_hop = 276988
prim_cell num_orb = 11908
prim_cell num_hop = 276988
sample num_orb = 11908
sample num_hop = 276988
prim_cell num_orb = 11908
prim_cell num_hop = 276988
sample num_orb = 11908
sample num_hop = 276988
prim_cell num_orb = 11908
prim_cell num_hop = 276988
sample num_orb = 11908
sample num_hop = 276988
prim_cell num_orb = 11908
prim_cell num_hop = 276988
sample num_orb = 11908
sample num_hop = 276988
prim_cell num_orb = 11908
prim_cell num_hop = 276988
sample num_orb = 11908
sample num_hop = 276988
prim_cell num_orb = 11908
prim_cell num_hop = 276988
sample num_orb = 11908
sample num_hop = 276988
prim_cell num_orb = 11908
prim_cell num_hop = 276988
sample num_orb = 11908
sample num_hop = 276988
prim_cell num_orb = 11908
prim_cell num_hop = 276988
sample num_orb = 11908
sample num_hop = 276988
prim_cell num_orb = 11908
prim_cell num_hop = 276988
sample num_orb = 11908
sample num_hop = 276988
prim_cell num_orb = 11908
prim_cell num_hop = 276988
sample num_orb = 11908
sample num_hop = 276988
prim_cell num_orb = 11908
prim_cell num_hop = 276988
sample num_orb = 11908
sample num_hop = 276988
prim_cell num_orb = 11908
prim_cell num_hop = 276988
sample num_orb = 11908
sample num_hop = 276988
prim_cell num_orb = 11908
prim_cell num_hop = 276988
sample num_orb = 11908
sample num_hop = 276988
prim_cell num_orb = 11908
prim_cell num_hop = 276988
sample num_orb = 11908
sample num_hop = 276988
prim_cell num_orb = 11908
prim_cell num_hop = 276988
sample num_orb = 11908
sample num_hop = 276988
prim_cell num_orb = 11908
prim_cell num_hop = 276988
sample num_orb = 11908
sample num_hop = 276988
prim_cell num_orb = 11908
prim_cell num_hop = 276988
sample num_orb = 11908
sample num_hop = 276988
prim_cell num_orb = 11908
prim_cell num_hop = 276988
sample num_orb = 11908
sample num_hop = 276988
prim_cell num_orb = 11908
prim_cell num_hop = 276988
sample num_orb = 11908
sample num_hop = 276988
prim_cell num_orb = 11908
prim_cell num_hop = 276988
sample num_orb = 11908
sample num_hop = 276988
prim_cell num_orb = 11908
prim_cell num_hop = 276988
sample num_orb = 11908
sample num_hop = 276988
prim_cell num_orb = 11908
prim_cell num_hop = 276988
sample num_orb = 11908
sample num_hop = 276988
prim_cell num_orb = 11908
prim_cell num_hop = 276988
sample num_orb = 11908
sample num_hop = 276988
	 diag : 2631.45754
