prim_cell num_orb = 11908
prim_cell num_hop = 276988
sample num_orb = 11908
sample num_hop = 276988

Parallelization details:
  MPI processes    : 16    
  OMP_NUM_THREADS  : 2     
  MKL_NUM_THREADS  : 2     

prim_cell num_orb = 11908
prim_cell num_hop = 276988
sample num_orb = 11908
sample num_hop = 276988
prim_cell num_orb = 11908
prim_cell num_hop = 276988
sample num_orb = 11908
sample num_hop = 276988
prim_cell num_orb = 11908
prim_cell num_hop = 276988
sample num_orb = 11908
sample num_hop = 276988
prim_cell num_orb = 11908
prim_cell num_hop = 276988
sample num_orb = 11908
sample num_hop = 276988
prim_cell num_orb = 11908
prim_cell num_hop = 276988
sample num_orb = 11908
sample num_hop = 276988
prim_cell num_orb = 11908
prim_cell num_hop = 276988
sample num_orb = 11908
sample num_hop = 276988
prim_cell num_orb = 11908
prim_cell num_hop = 276988
sample num_orb = 11908
sample num_hop = 276988
prim_cell num_orb = 11908
prim_cell num_hop = 276988
sample num_orb = 11908
sample num_hop = 276988
prim_cell num_orb = 11908
prim_cell num_hop = 276988
sample num_orb = 11908
sample num_hop = 276988
prim_cell num_orb = 11908
prim_cell num_hop = 276988
sample num_orb = 11908
sample num_hop = 276988
prim_cell num_orb = 11908
prim_cell num_hop = 276988
sample num_orb = 11908
sample num_hop = 276988
prim_cell num_orb = 11908
prim_cell num_hop = 276988
sample num_orb = 11908
sample num_hop = 276988
prim_cell num_orb = 11908
prim_cell num_hop = 276988
sample num_orb = 11908
sample num_hop = 276988
prim_cell num_orb = 11908
prim_cell num_hop = 276988
sample num_orb = 11908
sample num_hop = 276988
prim_cell num_orb = 11908
prim_cell num_hop = 276988
sample num_orb = 11908
sample num_hop = 276988
	 diag : 17306.67133
