prim_cell num_orb = 121190
prim_cell num_hop = 2819066
sample num_orb = 121190
sample num_hop = 2819066

Parallelization details:
  MPI processes    : 32    
  OMP_NUM_THREADS  : 1     
  MKL_NUM_THREADS  : 1     

prim_cell num_orb = 121190
prim_cell num_hop = 2819066
sample num_orb = 121190
sample num_hop = 2819066
prim_cell num_orb = 121190
prim_cell num_hop = 2819066
sample num_orb = 121190
sample num_hop = 2819066
prim_cell num_orb = 121190
prim_cell num_hop = 2819066
sample num_orb = 121190
sample num_hop = 2819066
prim_cell num_orb = 121190
prim_cell num_hop = 2819066
sample num_orb = 121190
sample num_hop = 2819066
prim_cell num_orb = 121190
prim_cell num_hop = 2819066
sample num_orb = 121190
sample num_hop = 2819066
prim_cell num_orb = 121190
prim_cell num_hop = 2819066
sample num_orb = 121190
sample num_hop = 2819066
prim_cell num_orb = 121190
prim_cell num_hop = 2819066
sample num_orb = 121190
sample num_hop = 2819066
prim_cell num_orb = 121190
prim_cell num_hop = 2819066
sample num_orb = 121190
sample num_hop = 2819066
prim_cell num_orb = 121190
prim_cell num_hop = 2819066
sample num_orb = 121190
sample num_hop = 2819066
prim_cell num_orb = 121190
prim_cell num_hop = 2819066
sample num_orb = 121190
sample num_hop = 2819066
prim_cell num_orb = 121190
prim_cell num_hop = 2819066
sample num_orb = 121190
sample num_hop = 2819066
prim_cell num_orb = 121190
prim_cell num_hop = 2819066
sample num_orb = 121190
sample num_hop = 2819066
prim_cell num_orb = 121190
prim_cell num_hop = 2819066
sample num_orb = 121190
sample num_hop = 2819066
prim_cell num_orb = 121190
prim_cell num_hop = 2819066
sample num_orb = 121190
sample num_hop = 2819066
prim_cell num_orb = 121190
prim_cell num_hop = 2819066
sample num_orb = 121190
sample num_hop = 2819066
prim_cell num_orb = 121190
prim_cell num_hop = 2819066
sample num_orb = 121190
sample num_hop = 2819066
prim_cell num_orb = 121190
prim_cell num_hop = 2819066
sample num_orb = 121190
sample num_hop = 2819066
prim_cell num_orb = 121190
prim_cell num_hop = 2819066
sample num_orb = 121190
sample num_hop = 2819066
prim_cell num_orb = 121190
prim_cell num_hop = 2819066
sample num_orb = 121190
sample num_hop = 2819066
prim_cell num_orb = 121190
prim_cell num_hop = 2819066
sample num_orb = 121190
sample num_hop = 2819066
prim_cell num_orb = 121190
prim_cell num_hop = 2819066
sample num_orb = 121190
sample num_hop = 2819066
prim_cell num_orb = 121190
prim_cell num_hop = 2819066
sample num_orb = 121190
sample num_hop = 2819066
prim_cell num_orb = 121190
prim_cell num_hop = 2819066
sample num_orb = 121190
sample num_hop = 2819066
prim_cell num_orb = 121190
prim_cell num_hop = 2819066
sample num_orb = 121190
sample num_hop = 2819066
prim_cell num_orb = 121190
prim_cell num_hop = 2819066
sample num_orb = 121190
sample num_hop = 2819066
prim_cell num_orb = 121190
prim_cell num_hop = 2819066
sample num_orb = 121190
sample num_hop = 2819066
prim_cell num_orb = 121190
prim_cell num_hop = 2819066
sample num_orb = 121190
sample num_hop = 2819066
prim_cell num_orb = 121190
prim_cell num_hop = 2819066
sample num_orb = 121190
sample num_hop = 2819066
prim_cell num_orb = 121190
prim_cell num_hop = 2819066
sample num_orb = 121190
sample num_hop = 2819066
prim_cell num_orb = 121190
prim_cell num_hop = 2819066
sample num_orb = 121190
sample num_hop = 2819066
prim_cell num_orb = 121190
prim_cell num_hop = 2819066
sample num_orb = 121190
sample num_hop = 2819066
	 diag : 122429.60799
